Microsoft (R) Macro Assembler Version 6.11		    05/13/24 09:50:20
tempfile.asm						     Page 1 - 1


 0000				DATAS SEGMENT
				    ;此处输入数据段代码  
 0000				DATAS ENDS

 0000				STACKS SEGMENT
				    ;此处输入堆栈段代码
 0000				STACKS ENDS

 0000				CODES SEGMENT
				    ASSUME CS:CODES,DS:DATAS,SS:STACKS
 0000				START:
 0000  B8 ---- R		    MOV AX,DATAS
 0003  8E D8			    MOV DS,AX
 0005  83 E8 1C			    SUB AX, 28
 0008  8B D8			MOV BX, AX
 000A  B9 000A			MOV CX, 10
 000D  E2 00			LOOP S

 000F				S:
 000F  03 C3			ADD AX, BX
 0011  49			DEC CX
 0012  E2 FB			LOOP S

 0014  83 C0 05			ADD AX, 5
 0017  B1 03			MOV CL, 3
 0019  D3 E8			SHR AX, CL

 001B  B4 4C			    MOV AH,4CH
 001D  CD 21			    INT 21H
 001F				CODES ENDS
				    END START
Microsoft (R) Macro Assembler Version 6.11		    05/13/24 09:50:20
tempfile.asm						     Symbols 2 - 1




Segments and Groups:

                N a m e                 Size     Length   Align   Combine Class

CODES  . . . . . . . . . . . . .	16 Bit	 001F	  Para	  Private 
DATAS  . . . . . . . . . . . . .	16 Bit	 0000	  Para	  Private 
STACKS . . . . . . . . . . . . .	16 Bit	 0000	  Para	  Private 


Symbols:

                N a m e                 Type     Value    Attr

START  . . . . . . . . . . . . .	L Near	 0000	  CODES	
S  . . . . . . . . . . . . . . .	L Near	 000F	  CODES	

	   0 Warnings
	   0 Errors
