Microsoft (R) Macro Assembler Version 6.11		    05/13/24 17:47:46
tempfile.asm						     Page 1 - 1


 0000				DATAS SEGMENT
 0000 35			    VAR1 DB 35H
 0001 7455			    VAR2 DW 7455H
 0003  E259			    	 DW 0E259H
 0005 00			    RES1 DB ?
 0006 00			    RES2 DB ?
 0007				DATAS ENDS

 0000				STACKS SEGMENT
 0000				STACKS ENDS

 0000				CODES SEGMENT
				    ASSUME CS:CODES,DS:DATAS,SS:STACKS
 0000				START:
 0000  B8 ---- R		    MOV AX,DATAS
 0003  8E D8			    MOV DS,AX
				    
 0005  A0 0000 R		    MOV AL, VAR1
 0008  A2 0006 R		    MOV RES2, AL
 000B  80 26 0006 R 0F		    AND RES2, 0FH
				    
 0010  A2 0005 R		    MOV RES1, AL
 0013  80 26 0005 R F0		    AND RES1, 0F0H
 0018  A2 0005 R		    MOV RES1, AL
				    
 001B  B1 04			    MOV CL, 4
 001D  D2 2E 0005 R		    SHR RES1, CL
				    
 0021  D1 26 0001 R		    SHL VAR2, 1
 0025  D1 16 0003 R		    RCL VAR2+2, 1
 0029  D1 26 0001 R		    SHL VAR2, 1
 002D  D1 16 0003 R		    RCL VAR2+2, 1
				    
				    
 0031  B4 4C			    MOV AH,4CH
 0033  CD 21			    INT 21H
 0035				CODES ENDS
				    END START
Microsoft (R) Macro Assembler Version 6.11		    05/13/24 17:47:46
tempfile.asm						     Symbols 2 - 1




Segments and Groups:

                N a m e                 Size     Length   Align   Combine Class

CODES  . . . . . . . . . . . . .	16 Bit	 0035	  Para	  Private 
DATAS  . . . . . . . . . . . . .	16 Bit	 0007	  Para	  Private 
STACKS . . . . . . . . . . . . .	16 Bit	 0000	  Para	  Private 


Symbols:

                N a m e                 Type     Value    Attr

RES1 . . . . . . . . . . . . . .	Byte	 0005	  DATAS	
RES2 . . . . . . . . . . . . . .	Byte	 0006	  DATAS	
START  . . . . . . . . . . . . .	L Near	 0000	  CODES	
VAR1 . . . . . . . . . . . . . .	Byte	 0000	  DATAS	
VAR2 . . . . . . . . . . . . . .	Word	 0001	  DATAS	

	   0 Warnings
	   0 Errors
