Microsoft (R) Macro Assembler Version 6.11		    03/18/24 18:02:39
tempfile.asm						     Page 1 - 1


 0000				DATAS SEGMENT
				    ;此处输入数据段代码  
 0000				DATAS ENDS

 0000				STACKS SEGMENT
				    ;此处输入堆栈段代码
 0000				STACKS ENDS

 0000				CODES SEGMENT
				    ASSUME CS:CODES,DS:DATAS,SS:STACKS
 0000				START:
 0000  B8 0123			    MOV AX, 0123h
 0003  BB 0456			    MOV bx, 0456h
 0006  03 C3			    add ax, bx
 0008  03 C0			    add ax, ax
				    ;此处输入代码段代码
 000A  B4 4C			    MOV AH,4CH
 000C  CD 21			    INT 21H
 000E				CODES ENDS
				    END START
Microsoft (R) Macro Assembler Version 6.11		    03/18/24 18:02:39
tempfile.asm						     Symbols 2 - 1




Segments and Groups:

                N a m e                 Size     Length   Align   Combine Class

CODES  . . . . . . . . . . . . .	16 Bit	 000E	  Para	  Private 
DATAS  . . . . . . . . . . . . .	16 Bit	 0000	  Para	  Private 
STACKS . . . . . . . . . . . . .	16 Bit	 0000	  Para	  Private 


Symbols:

                N a m e                 Type     Value    Attr

START  . . . . . . . . . . . . .	L Near	 0000	  CODES	

	   0 Warnings
	   0 Errors
