Microsoft (R) Macro Assembler Version 6.11		    05/06/24 17:45:28
tempfile.asm						     Page 1 - 1


 0000				DATAS SEGMENT
				    ;此处输入数据段代码  
 0000				DATAS ENDS

 0000				STACKS SEGMENT
				    ;此处输入堆栈段代码
 0000				STACKS ENDS

 0000				CODES SEGMENT
				    ASSUME CS:CODES,DS:DATAS,SS:STACKS
 0000				START:
 0000  B8 ---- R		    MOV AX,DATAS
 0003  8E D8			    MOV DS,AX
				    
 0005  BE 0006			    MOV SI, 0006H
 0008  8D 1C			    LEA BX, DS:[SI]
 000A  8A 04			    MOV AL, DS:[SI]
 000C  46			    INC SI
 000D  02 04			    ADD AL, DS:[SI]
				    
 000F  B4 4C			    MOV AH,4CH
 0011  CD 21			    INT 21H
 0013				CODES ENDS
				    END START
Microsoft (R) Macro Assembler Version 6.11		    05/06/24 17:45:28
tempfile.asm						     Symbols 2 - 1




Segments and Groups:

                N a m e                 Size     Length   Align   Combine Class

CODES  . . . . . . . . . . . . .	16 Bit	 0013	  Para	  Private 
DATAS  . . . . . . . . . . . . .	16 Bit	 0000	  Para	  Private 
STACKS . . . . . . . . . . . . .	16 Bit	 0000	  Para	  Private 


Symbols:

                N a m e                 Type     Value    Attr

START  . . . . . . . . . . . . .	L Near	 0000	  CODES	

	   0 Warnings
	   0 Errors
