Command line:
   adder_4bit_tb_isim_beh.exe
     -simmode  gui
     -simrunnum  0
     -socket  1057

Sun Jan 01 00:26:27 2006


 Elaboration Time: 0.125 sec

 Current Memory Usage: 316.211 Meg

 Total Signals          : 57
 Total Nets             : 46
 Total Signal Drivers   : 32
 Total Blocks           : 7
 Total Primitive Blocks : 5
 Total Processes        : 34
 Total Traceable Variables  : 22
 Total Scalar Nets and Variables : 167
Total Line Count : 26

 Total Simulation Time: 0.15625 sec

 Current Memory Usage: 317.26 Meg

Sun Jan 01 00:27:42 2006

